        -:    0:Source:D:/UnitTestDemo/GtestIncludes/gmock/gmock-matchers.h
        -:    0:Graph:UnitDemo_function4_b_test.gcno
        -:    0:Data:UnitDemo_function4_b_test.gcda
        -:    0:Runs:15
        -:    0:Programs:1
        -:    1:// Copyright 2007, Google Inc.
        -:    2:// All rights reserved.
        -:    3://
        -:    4:// Redistribution and use in source and binary forms, with or without
        -:    5:// modification, are permitted provided that the following conditions are
        -:    6:// met:
        -:    7://
        -:    8://     * Redistributions of source code must retain the above copyright
        -:    9:// notice, this list of conditions and the following disclaimer.
        -:   10://     * Redistributions in binary form must reproduce the above
        -:   11:// copyright notice, this list of conditions and the following disclaimer
        -:   12:// in the documentation and/or other materials provided with the
        -:   13:// distribution.
        -:   14://     * Neither the name of Google Inc. nor the names of its
        -:   15:// contributors may be used to endorse or promote products derived from
        -:   16:// this software without specific prior written permission.
        -:   17://
        -:   18:// THIS SOFTWARE IS PROVIDED BY THE COPYRIGHT HOLDERS AND CONTRIBUTORS
        -:   19:// "AS IS" AND ANY EXPRESS OR IMPLIED WARRANTIES, INCLUDING, BUT NOT
        -:   20:// LIMITED TO, THE IMPLIED WARRANTIES OF MERCHANTABILITY AND FITNESS FOR
        -:   21:// A PARTICULAR PURPOSE ARE DISCLAIMED. IN NO EVENT SHALL THE COPYRIGHT
        -:   22:// OWNER OR CONTRIBUTORS BE LIABLE FOR ANY DIRECT, INDIRECT, INCIDENTAL,
        -:   23:// SPECIAL, EXEMPLARY, OR CONSEQUENTIAL DAMAGES (INCLUDING, BUT NOT
        -:   24:// LIMITED TO, PROCUREMENT OF SUBSTITUTE GOODS OR SERVICES; LOSS OF USE,
        -:   25:// DATA, OR PROFITS; OR BUSINESS INTERRUPTION) HOWEVER CAUSED AND ON ANY
        -:   26:// THEORY OF LIABILITY, WHETHER IN CONTRACT, STRICT LIABILITY, OR TORT
        -:   27:// (INCLUDING NEGLIGENCE OR OTHERWISE) ARISING IN ANY WAY OUT OF THE USE
        -:   28:// OF THIS SOFTWARE, EVEN IF ADVISED OF THE POSSIBILITY OF SUCH DAMAGE.
        -:   29://
        -:   30:// Author: wan@google.com (Zhanyong Wan)
        -:   31:
        -:   32:// Google Mock - a framework for writing C++ mock classes.
        -:   33://
        -:   34:// This file implements some commonly used argument matchers.  More
        -:   35:// matchers can be defined by the user implementing the
        -:   36:// MatcherInterface<T> interface if necessary.
        -:   37:
        -:   38:#ifndef GMOCK_INCLUDE_GMOCK_GMOCK_MATCHERS_H_
        -:   39:#define GMOCK_INCLUDE_GMOCK_GMOCK_MATCHERS_H_
        -:   40:
        -:   41:#include <math.h>
        -:   42:#include <algorithm>
        -:   43:#include <iterator>
        -:   44:#include <limits>
        -:   45:#include <ostream>  // NOLINT
        -:   46:#include <sstream>
        -:   47:#include <string>
        -:   48:#include <utility>
        -:   49:#include <vector>
        -:   50:
        -:   51:#include "gmock/internal/gmock-internal-utils.h"
        -:   52:#include "gmock/internal/gmock-port.h"
        -:   53:#include "gtest/gtest.h"
        -:   54:
        -:   55:#if GTEST_LANG_CXX11
        -:   56:#include <initializer_list>  // NOLINT -- must be after gtest.h
        -:   57:#endif
        -:   58:
        -:   59:namespace testing {
        -:   60:
        -:   61:// To implement a matcher Foo for type T, define:
        -:   62://   1. a class FooMatcherImpl that implements the
        -:   63://      MatcherInterface<T> interface, and
        -:   64://   2. a factory function that creates a Matcher<T> object from a
        -:   65://      FooMatcherImpl*.
        -:   66://
        -:   67:// The two-level delegation design makes it possible to allow a user
        -:   68:// to write "v" instead of "Eq(v)" where a Matcher is expected, which
        -:   69:// is impossible if we pass matchers by pointers.  It also eases
        -:   70:// ownership management as Matcher objects can now be copied like
        -:   71:// plain values.
        -:   72:
        -:   73:// MatchResultListener is an abstract class.  Its << operator can be
        -:   74:// used by a matcher to explain why a value matches or doesn't match.
        -:   75://
        -:   76:// TODO(wan@google.com): add method
        -:   77://   bool InterestedInWhy(bool result) const;
        -:   78:// to indicate whether the listener is interested in why the match
        -:   79:// result is 'result'.
        -:   80:class MatchResultListener {
        -:   81: public:
        -:   82:  // Creates a listener object with the given underlying ostream.  The
        -:   83:  // listener does not own the ostream, and does not dereference it
        -:   84:  // in the constructor or destructor.
        -:   85:  explicit MatchResultListener(::std::ostream* os) : stream_(os) {}
        -:   86:  virtual ~MatchResultListener() = 0;  // Makes this class abstract.
        -:   87:
        -:   88:  // Streams x to the underlying ostream; does nothing if the ostream
        -:   89:  // is NULL.
        -:   90:  template <typename T>
        -:   91:  MatchResultListener& operator<<(const T& x) {
        -:   92:    if (stream_ != NULL)
        -:   93:      *stream_ << x;
        -:   94:    return *this;
        -:   95:  }
        -:   96:
        -:   97:  // Returns the underlying ostream.
        -:   98:  ::std::ostream* stream() { return stream_; }
        -:   99:
        -:  100:  // Returns true iff the listener is interested in an explanation of
        -:  101:  // the match result.  A matcher's MatchAndExplain() method can use
        -:  102:  // this information to avoid generating the explanation when no one
        -:  103:  // intends to hear it.
        -:  104:  bool IsInterested() const { return stream_ != NULL; }
        -:  105:
        -:  106: private:
        -:  107:  ::std::ostream* const stream_;
        -:  108:
        -:  109:  GTEST_DISALLOW_COPY_AND_ASSIGN_(MatchResultListener);
        -:  110:};
        -:  111:
    #####:  112:inline MatchResultListener::~MatchResultListener() {
    #####:  113:}
        -:  114:
        -:  115:// An instance of a subclass of this knows how to describe itself as a
        -:  116:// matcher.
        -:  117:class MatcherDescriberInterface {
        -:  118: public:
    #####:  119:  virtual ~MatcherDescriberInterface() {}
        -:  120:
        -:  121:  // Describes this matcher to an ostream.  The function should print
        -:  122:  // a verb phrase that describes the property a value matching this
        -:  123:  // matcher should have.  The subject of the verb phrase is the value
        -:  124:  // being matched.  For example, the DescribeTo() method of the Gt(7)
        -:  125:  // matcher prints "is greater than 7".
        -:  126:  virtual void DescribeTo(::std::ostream* os) const = 0;
        -:  127:
        -:  128:  // Describes the negation of this matcher to an ostream.  For
        -:  129:  // example, if the description of this matcher is "is greater than
        -:  130:  // 7", the negated description could be "is not greater than 7".
        -:  131:  // You are not required to override this when implementing
        -:  132:  // MatcherInterface, but it is highly advised so that your matcher
        -:  133:  // can produce good error messages.
    #####:  134:  virtual void DescribeNegationTo(::std::ostream* os) const {
    #####:  135:    *os << "not (";
    #####:  136:    DescribeTo(os);
    #####:  137:    *os << ")";
    #####:  138:  }
        -:  139:};
        -:  140:
        -:  141:// The implementation of a matcher.
        -:  142:template <typename T>
    #####:  143:class MatcherInterface : public MatcherDescriberInterface {
        -:  144: public:
        -:  145:  // Returns true iff the matcher matches x; also explains the match
        -:  146:  // result to 'listener' if necessary (see the next paragraph), in
        -:  147:  // the form of a non-restrictive relative clause ("which ...",
        -:  148:  // "whose ...", etc) that describes x.  For example, the
        -:  149:  // MatchAndExplain() method of the Pointee(...) matcher should
        -:  150:  // generate an explanation like "which points to ...".
        -:  151:  //
        -:  152:  // Implementations of MatchAndExplain() should add an explanation of
        -:  153:  // the match result *if and only if* they can provide additional
        -:  154:  // information that's not already present (or not obvious) in the
        -:  155:  // print-out of x and the matcher's description.  Whether the match
        -:  156:  // succeeds is not a factor in deciding whether an explanation is
        -:  157:  // needed, as sometimes the caller needs to print a failure message
        -:  158:  // when the match succeeds (e.g. when the matcher is used inside
        -:  159:  // Not()).
        -:  160:  //
        -:  161:  // For example, a "has at least 10 elements" matcher should explain
        -:  162:  // what the actual element count is, regardless of the match result,
        -:  163:  // as it is useful information to the reader; on the other hand, an
        -:  164:  // "is empty" matcher probably only needs to explain what the actual
        -:  165:  // size is when the match fails, as it's redundant to say that the
        -:  166:  // size is 0 when the value is already known to be empty.
        -:  167:  //
        -:  168:  // You should override this method when defining a new matcher.
        -:  169:  //
        -:  170:  // It's the responsibility of the caller (Google Mock) to guarantee
        -:  171:  // that 'listener' is not NULL.  This helps to simplify a matcher's
        -:  172:  // implementation when it doesn't care about the performance, as it
        -:  173:  // can talk to 'listener' without checking its validity first.
        -:  174:  // However, in order to implement dummy listeners efficiently,
        -:  175:  // listener->stream() may be NULL.
        -:  176:  virtual bool MatchAndExplain(T x, MatchResultListener* listener) const = 0;
        -:  177:
        -:  178:  // Inherits these methods from MatcherDescriberInterface:
        -:  179:  //   virtual void DescribeTo(::std::ostream* os) const = 0;
        -:  180:  //   virtual void DescribeNegationTo(::std::ostream* os) const;
        -:  181:};
        -:  182:
        -:  183:// A match result listener that stores the explanation in a string.
    #####:  184:class StringMatchResultListener : public MatchResultListener {
        -:  185: public:
        -:  186:  StringMatchResultListener() : MatchResultListener(&ss_) {}
        -:  187:
        -:  188:  // Returns the explanation accumulated so far.
        -:  189:  internal::string str() const { return ss_.str(); }
        -:  190:
        -:  191:  // Clears the explanation accumulated so far.
        -:  192:  void Clear() { ss_.str(""); }
        -:  193:
        -:  194: private:
        -:  195:  ::std::stringstream ss_;
        -:  196:
        -:  197:  GTEST_DISALLOW_COPY_AND_ASSIGN_(StringMatchResultListener);
        -:  198:};
        -:  199:
        -:  200:namespace internal {
        -:  201:
        -:  202:// A match result listener that ignores the explanation.
    #####:  203:class DummyMatchResultListener : public MatchResultListener {
        -:  204: public:
        -:  205:  DummyMatchResultListener() : MatchResultListener(NULL) {}
        -:  206:
        -:  207: private:
        -:  208:  GTEST_DISALLOW_COPY_AND_ASSIGN_(DummyMatchResultListener);
        -:  209:};
        -:  210:
        -:  211:// A match result listener that forwards the explanation to a given
        -:  212:// ostream.  The difference between this and MatchResultListener is
        -:  213:// that the former is concrete.
    #####:  214:class StreamMatchResultListener : public MatchResultListener {
        -:  215: public:
        -:  216:  explicit StreamMatchResultListener(::std::ostream* os)
        -:  217:      : MatchResultListener(os) {}
        -:  218:
        -:  219: private:
        -:  220:  GTEST_DISALLOW_COPY_AND_ASSIGN_(StreamMatchResultListener);
        -:  221:};
        -:  222:
        -:  223:// An internal class for implementing Matcher<T>, which will derive
        -:  224:// from it.  We put functionalities common to all Matcher<T>
        -:  225:// specializations here to avoid code duplication.
        -:  226:template <typename T>
        -:  227:class MatcherBase {
        -:  228: public:
        -:  229:  // Returns true iff the matcher matches x; also explains the match
        -:  230:  // result to 'listener'.
        -:  231:  bool MatchAndExplain(T x, MatchResultListener* listener) const {
        -:  232:    return impl_->MatchAndExplain(x, listener);
        -:  233:  }
        -:  234:
        -:  235:  // Returns true iff this matcher matches x.
        -:  236:  bool Matches(T x) const {
        -:  237:    DummyMatchResultListener dummy;
        -:  238:    return MatchAndExplain(x, &dummy);
        -:  239:  }
        -:  240:
        -:  241:  // Describes this matcher to an ostream.
        -:  242:  void DescribeTo(::std::ostream* os) const { impl_->DescribeTo(os); }
        -:  243:
        -:  244:  // Describes the negation of this matcher to an ostream.
        -:  245:  void DescribeNegationTo(::std::ostream* os) const {
        -:  246:    impl_->DescribeNegationTo(os);
        -:  247:  }
        -:  248:
        -:  249:  // Explains why x matches, or doesn't match, the matcher.
        -:  250:  void ExplainMatchResultTo(T x, ::std::ostream* os) const {
        -:  251:    StreamMatchResultListener listener(os);
        -:  252:    MatchAndExplain(x, &listener);
        -:  253:  }
        -:  254:
        -:  255:  // Returns the describer for this matcher object; retains ownership
        -:  256:  // of the describer, which is only guaranteed to be alive when
        -:  257:  // this matcher object is alive.
        -:  258:  const MatcherDescriberInterface* GetDescriber() const {
        -:  259:    return impl_.get();
        -:  260:  }
        -:  261:
        -:  262: protected:
        -:  263:  MatcherBase() {}
        -:  264:
        -:  265:  // Constructs a matcher from its implementation.
        -:  266:  explicit MatcherBase(const MatcherInterface<T>* impl)
        -:  267:      : impl_(impl) {}
        -:  268:
    #####:  269:  virtual ~MatcherBase() {}
        -:  270:
        -:  271: private:
        -:  272:  // shared_ptr (util/gtl/shared_ptr.h) and linked_ptr have similar
        -:  273:  // interfaces.  The former dynamically allocates a chunk of memory
        -:  274:  // to hold the reference count, while the latter tracks all
        -:  275:  // references using a circular linked list without allocating
        -:  276:  // memory.  It has been observed that linked_ptr performs better in
        -:  277:  // typical scenarios.  However, shared_ptr can out-perform
        -:  278:  // linked_ptr when there are many more uses of the copy constructor
        -:  279:  // than the default constructor.
        -:  280:  //
        -:  281:  // If performance becomes a problem, we should see if using
        -:  282:  // shared_ptr helps.
        -:  283:  ::testing::internal::linked_ptr<const MatcherInterface<T> > impl_;
        -:  284:};
        -:  285:
        -:  286:}  // namespace internal
        -:  287:
        -:  288:// A Matcher<T> is a copyable and IMMUTABLE (except by assignment)
        -:  289:// object that can check whether a value of type T matches.  The
        -:  290:// implementation of Matcher<T> is just a linked_ptr to const
        -:  291:// MatcherInterface<T>, so copying is fairly cheap.  Don't inherit
        -:  292:// from Matcher!
        -:  293:template <typename T>
        -:  294:class Matcher : public internal::MatcherBase<T> {
        -:  295: public:
        -:  296:  // Constructs a null matcher.  Needed for storing Matcher objects in STL
        -:  297:  // containers.  A default-constructed matcher is not yet initialized.  You
        -:  298:  // cannot use it until a valid value has been assigned to it.
        -:  299:  Matcher() {}
        -:  300:
        -:  301:  // Constructs a matcher from its implementation.
        -:  302:  explicit Matcher(const MatcherInterface<T>* impl)
        -:  303:      : internal::MatcherBase<T>(impl) {}
        -:  304:
        -:  305:  // Implicit constructor here allows people to write
        -:  306:  // EXPECT_CALL(foo, Bar(5)) instead of EXPECT_CALL(foo, Bar(Eq(5))) sometimes
        -:  307:  Matcher(T value);  // NOLINT
        -:  308:};
        -:  309:
        -:  310:// The following two specializations allow the user to write str
        -:  311:// instead of Eq(str) and "foo" instead of Eq("foo") when a string
        -:  312:// matcher is expected.
        -:  313:template <>
    #####:  314:class GTEST_API_ Matcher<const internal::string&>
        -:  315:    : public internal::MatcherBase<const internal::string&> {
        -:  316: public:
        -:  317:  Matcher() {}
        -:  318:
        -:  319:  explicit Matcher(const MatcherInterface<const internal::string&>* impl)
        -:  320:      : internal::MatcherBase<const internal::string&>(impl) {}
        -:  321:
        -:  322:  // Allows the user to write str instead of Eq(str) sometimes, where
        -:  323:  // str is a string object.
        -:  324:  Matcher(const internal::string& s);  // NOLINT
        -:  325:
        -:  326:  // Allows the user to write "foo" instead of Eq("foo") sometimes.
        -:  327:  Matcher(const char* s);  // NOLINT
        -:  328:};
        -:  329:
        -:  330:template <>
    #####:  331:class GTEST_API_ Matcher<internal::string>
        -:  332:    : public internal::MatcherBase<internal::string> {
        -:  333: public:
        -:  334:  Matcher() {}
        -:  335:
        -:  336:  explicit Matcher(const MatcherInterface<internal::string>* impl)
        -:  337:      : internal::MatcherBase<internal::string>(impl) {}
        -:  338:
        -:  339:  // Allows the user to write str instead of Eq(str) sometimes, where
        -:  340:  // str is a string object.
        -:  341:  Matcher(const internal::string& s);  // NOLINT
        -:  342:
        -:  343:  // Allows the user to write "foo" instead of Eq("foo") sometimes.
        -:  344:  Matcher(const char* s);  // NOLINT
        -:  345:};
        -:  346:
        -:  347:#if GTEST_HAS_STRING_PIECE_
        -:  348:// The following two specializations allow the user to write str
        -:  349:// instead of Eq(str) and "foo" instead of Eq("foo") when a StringPiece
        -:  350:// matcher is expected.
        -:  351:template <>
        -:  352:class GTEST_API_ Matcher<const StringPiece&>
        -:  353:    : public internal::MatcherBase<const StringPiece&> {
        -:  354: public:
        -:  355:  Matcher() {}
        -:  356:
        -:  357:  explicit Matcher(const MatcherInterface<const StringPiece&>* impl)
        -:  358:      : internal::MatcherBase<const StringPiece&>(impl) {}
        -:  359:
        -:  360:  // Allows the user to write str instead of Eq(str) sometimes, where
        -:  361:  // str is a string object.
        -:  362:  Matcher(const internal::string& s);  // NOLINT
        -:  363:
        -:  364:  // Allows the user to write "foo" instead of Eq("foo") sometimes.
        -:  365:  Matcher(const char* s);  // NOLINT
        -:  366:
        -:  367:  // Allows the user to pass StringPieces directly.
        -:  368:  Matcher(StringPiece s);  // NOLINT
        -:  369:};
        -:  370:
        -:  371:template <>
        -:  372:class GTEST_API_ Matcher<StringPiece>
        -:  373:    : public internal::MatcherBase<StringPiece> {
        -:  374: public:
        -:  375:  Matcher() {}
        -:  376:
        -:  377:  explicit Matcher(const MatcherInterface<StringPiece>* impl)
        -:  378:      : internal::MatcherBase<StringPiece>(impl) {}
        -:  379:
        -:  380:  // Allows the user to write str instead of Eq(str) sometimes, where
        -:  381:  // str is a string object.
        -:  382:  Matcher(const internal::string& s);  // NOLINT
        -:  383:
        -:  384:  // Allows the user to write "foo" instead of Eq("foo") sometimes.
        -:  385:  Matcher(const char* s);  // NOLINT
        -:  386:
        -:  387:  // Allows the user to pass StringPieces directly.
        -:  388:  Matcher(StringPiece s);  // NOLINT
        -:  389:};
        -:  390:#endif  // GTEST_HAS_STRING_PIECE_
        -:  391:
        -:  392:// The PolymorphicMatcher class template makes it easy to implement a
        -:  393:// polymorphic matcher (i.e. a matcher that can match values of more
        -:  394:// than one type, e.g. Eq(n) and NotNull()).
        -:  395://
        -:  396:// To define a polymorphic matcher, a user should provide an Impl
        -:  397:// class that has a DescribeTo() method and a DescribeNegationTo()
        -:  398:// method, and define a member function (or member function template)
        -:  399://
        -:  400://   bool MatchAndExplain(const Value& value,
        -:  401://                        MatchResultListener* listener) const;
        -:  402://
        -:  403:// See the definition of NotNull() for a complete example.
        -:  404:template <class Impl>
        -:  405:class PolymorphicMatcher {
        -:  406: public:
        -:  407:  explicit PolymorphicMatcher(const Impl& an_impl) : impl_(an_impl) {}
        -:  408:
        -:  409:  // Returns a mutable reference to the underlying matcher
        -:  410:  // implementation object.
        -:  411:  Impl& mutable_impl() { return impl_; }
        -:  412:
        -:  413:  // Returns an immutable reference to the underlying matcher
        -:  414:  // implementation object.
        -:  415:  const Impl& impl() const { return impl_; }
        -:  416:
        -:  417:  template <typename T>
        -:  418:  operator Matcher<T>() const {
        -:  419:    return Matcher<T>(new MonomorphicImpl<T>(impl_));
        -:  420:  }
        -:  421:
        -:  422: private:
        -:  423:  template <typename T>
        -:  424:  class MonomorphicImpl : public MatcherInterface<T> {
        -:  425:   public:
        -:  426:    explicit MonomorphicImpl(const Impl& impl) : impl_(impl) {}
        -:  427:
        -:  428:    virtual void DescribeTo(::std::ostream* os) const {
        -:  429:      impl_.DescribeTo(os);
        -:  430:    }
        -:  431:
        -:  432:    virtual void DescribeNegationTo(::std::ostream* os) const {
        -:  433:      impl_.DescribeNegationTo(os);
        -:  434:    }
        -:  435:
        -:  436:    virtual bool MatchAndExplain(T x, MatchResultListener* listener) const {
        -:  437:      return impl_.MatchAndExplain(x, listener);
        -:  438:    }
        -:  439:
        -:  440:   private:
        -:  441:    const Impl impl_;
        -:  442:
        -:  443:    GTEST_DISALLOW_ASSIGN_(MonomorphicImpl);
        -:  444:  };
        -:  445:
        -:  446:  Impl impl_;
        -:  447:
        -:  448:  GTEST_DISALLOW_ASSIGN_(PolymorphicMatcher);
        -:  449:};
        -:  450:
        -:  451:// Creates a matcher from its implementation.  This is easier to use
        -:  452:// than the Matcher<T> constructor as it doesn't require you to
        -:  453:// explicitly write the template argument, e.g.
        -:  454://
        -:  455://   MakeMatcher(foo);
        -:  456:// vs
        -:  457://   Matcher<const string&>(foo);
        -:  458:template <typename T>
        -:  459:inline Matcher<T> MakeMatcher(const MatcherInterface<T>* impl) {
        -:  460:  return Matcher<T>(impl);
        -:  461:}
        -:  462:
        -:  463:// Creates a polymorphic matcher from its implementation.  This is
        -:  464:// easier to use than the PolymorphicMatcher<Impl> constructor as it
        -:  465:// doesn't require you to explicitly write the template argument, e.g.
        -:  466://
        -:  467://   MakePolymorphicMatcher(foo);
        -:  468:// vs
        -:  469://   PolymorphicMatcher<TypeOfFoo>(foo);
        -:  470:template <class Impl>
        -:  471:inline PolymorphicMatcher<Impl> MakePolymorphicMatcher(const Impl& impl) {
        -:  472:  return PolymorphicMatcher<Impl>(impl);
        -:  473:}
        -:  474:
        -:  475:// Anything inside the 'internal' namespace IS INTERNAL IMPLEMENTATION
        -:  476:// and MUST NOT BE USED IN USER CODE!!!
        -:  477:namespace internal {
        -:  478:
        -:  479:// The MatcherCastImpl class template is a helper for implementing
        -:  480:// MatcherCast().  We need this helper in order to partially
        -:  481:// specialize the implementation of MatcherCast() (C++ allows
        -:  482:// class/struct templates to be partially specialized, but not
        -:  483:// function templates.).
        -:  484:
        -:  485:// This general version is used when MatcherCast()'s argument is a
        -:  486:// polymorphic matcher (i.e. something that can be converted to a
        -:  487:// Matcher but is not one yet; for example, Eq(value)) or a value (for
        -:  488:// example, "hello").
        -:  489:template <typename T, typename M>
        -:  490:class MatcherCastImpl {
        -:  491: public:
        -:  492:  static Matcher<T> Cast(M polymorphic_matcher_or_value) {
        -:  493:    // M can be a polymorhic matcher, in which case we want to use
        -:  494:    // its conversion operator to create Matcher<T>.  Or it can be a value
        -:  495:    // that should be passed to the Matcher<T>'s constructor.
        -:  496:    //
        -:  497:    // We can't call Matcher<T>(polymorphic_matcher_or_value) when M is a
        -:  498:    // polymorphic matcher because it'll be ambiguous if T has an implicit
        -:  499:    // constructor from M (this usually happens when T has an implicit
        -:  500:    // constructor from any type).
        -:  501:    //
        -:  502:    // It won't work to unconditionally implict_cast
        -:  503:    // polymorphic_matcher_or_value to Matcher<T> because it won't trigger
        -:  504:    // a user-defined conversion from M to T if one exists (assuming M is
        -:  505:    // a value).
        -:  506:    return CastImpl(
        -:  507:        polymorphic_matcher_or_value,
        -:  508:        BooleanConstant<
        -:  509:            internal::ImplicitlyConvertible<M, Matcher<T> >::value>());
        -:  510:  }
        -:  511:
        -:  512: private:
        -:  513:  static Matcher<T> CastImpl(M value, BooleanConstant<false>) {
        -:  514:    // M can't be implicitly converted to Matcher<T>, so M isn't a polymorphic
        -:  515:    // matcher.  It must be a value then.  Use direct initialization to create
        -:  516:    // a matcher.
        -:  517:    return Matcher<T>(ImplicitCast_<T>(value));
        -:  518:  }
        -:  519:
        -:  520:  static Matcher<T> CastImpl(M polymorphic_matcher_or_value,
        -:  521:                             BooleanConstant<true>) {
        -:  522:    // M is implicitly convertible to Matcher<T>, which means that either
        -:  523:    // M is a polymorhpic matcher or Matcher<T> has an implicit constructor
        -:  524:    // from M.  In both cases using the implicit conversion will produce a
        -:  525:    // matcher.
        -:  526:    //
        -:  527:    // Even if T has an implicit constructor from M, it won't be called because
        -:  528:    // creating Matcher<T> would require a chain of two user-defined conversions
        -:  529:    // (first to create T from M and then to create Matcher<T> from T).
        -:  530:    return polymorphic_matcher_or_value;
        -:  531:  }
        -:  532:};
        -:  533:
        -:  534:// This more specialized version is used when MatcherCast()'s argument
        -:  535:// is already a Matcher.  This only compiles when type T can be
        -:  536:// statically converted to type U.
        -:  537:template <typename T, typename U>
        -:  538:class MatcherCastImpl<T, Matcher<U> > {
        -:  539: public:
        -:  540:  static Matcher<T> Cast(const Matcher<U>& source_matcher) {
        -:  541:    return Matcher<T>(new Impl(source_matcher));
        -:  542:  }
        -:  543:
        -:  544: private:
        -:  545:  class Impl : public MatcherInterface<T> {
        -:  546:   public:
        -:  547:    explicit Impl(const Matcher<U>& source_matcher)
        -:  548:        : source_matcher_(source_matcher) {}
        -:  549:
        -:  550:    // We delegate the matching logic to the source matcher.
        -:  551:    virtual bool MatchAndExplain(T x, MatchResultListener* listener) const {
        -:  552:      return source_matcher_.MatchAndExplain(static_cast<U>(x), listener);
        -:  553:    }
        -:  554:
        -:  555:    virtual void DescribeTo(::std::ostream* os) const {
        -:  556:      source_matcher_.DescribeTo(os);
        -:  557:    }
        -:  558:
        -:  559:    virtual void DescribeNegationTo(::std::ostream* os) const {
        -:  560:      source_matcher_.DescribeNegationTo(os);
        -:  561:    }
        -:  562:
        -:  563:   private:
        -:  564:    const Matcher<U> source_matcher_;
        -:  565:
        -:  566:    GTEST_DISALLOW_ASSIGN_(Impl);
        -:  567:  };
        -:  568:};
        -:  569:
        -:  570:// This even more specialized version is used for efficiently casting
        -:  571:// a matcher to its own type.
        -:  572:template <typename T>
        -:  573:class MatcherCastImpl<T, Matcher<T> > {
        -:  574: public:
        -:  575:  static Matcher<T> Cast(const Matcher<T>& matcher) { return matcher; }
        -:  576:};
        -:  577:
        -:  578:}  // namespace internal
        -:  579:
        -:  580:// In order to be safe and clear, casting between different matcher
        -:  581:// types is done explicitly via MatcherCast<T>(m), which takes a
        -:  582:// matcher m and returns a Matcher<T>.  It compiles only when T can be
        -:  583:// statically converted to the argument type of m.
        -:  584:template <typename T, typename M>
        -:  585:inline Matcher<T> MatcherCast(M matcher) {
        -:  586:  return internal::MatcherCastImpl<T, M>::Cast(matcher);
        -:  587:}
        -:  588:
        -:  589:// Implements SafeMatcherCast().
        -:  590://
        -:  591:// We use an intermediate class to do the actual safe casting as Nokia's
        -:  592:// Symbian compiler cannot decide between
        -:  593:// template <T, M> ... (M) and
        -:  594:// template <T, U> ... (const Matcher<U>&)
        -:  595:// for function templates but can for member function templates.
        -:  596:template <typename T>
        -:  597:class SafeMatcherCastImpl {
        -:  598: public:
        -:  599:  // This overload handles polymorphic matchers and values only since
        -:  600:  // monomorphic matchers are handled by the next one.
        -:  601:  template <typename M>
        -:  602:  static inline Matcher<T> Cast(M polymorphic_matcher_or_value) {
        -:  603:    return internal::MatcherCastImpl<T, M>::Cast(polymorphic_matcher_or_value);
        -:  604:  }
        -:  605:
        -:  606:  // This overload handles monomorphic matchers.
        -:  607:  //
        -:  608:  // In general, if type T can be implicitly converted to type U, we can
        -:  609:  // safely convert a Matcher<U> to a Matcher<T> (i.e. Matcher is
        -:  610:  // contravariant): just keep a copy of the original Matcher<U>, convert the
        -:  611:  // argument from type T to U, and then pass it to the underlying Matcher<U>.
        -:  612:  // The only exception is when U is a reference and T is not, as the
        -:  613:  // underlying Matcher<U> may be interested in the argument's address, which
        -:  614:  // is not preserved in the conversion from T to U.
        -:  615:  template <typename U>
        -:  616:  static inline Matcher<T> Cast(const Matcher<U>& matcher) {
        -:  617:    // Enforce that T can be implicitly converted to U.
        -:  618:    GTEST_COMPILE_ASSERT_((internal::ImplicitlyConvertible<T, U>::value),
        -:  619:                          T_must_be_implicitly_convertible_to_U);
        -:  620:    // Enforce that we are not converting a non-reference type T to a reference
        -:  621:    // type U.
        -:  622:    GTEST_COMPILE_ASSERT_(
        -:  623:        internal::is_reference<T>::value || !internal::is_reference<U>::value,
        -:  624:        cannot_convert_non_referentce_arg_to_reference);
        -:  625:    // In case both T and U are arithmetic types, enforce that the
        -:  626:    // conversion is not lossy.
        -:  627:    typedef GTEST_REMOVE_REFERENCE_AND_CONST_(T) RawT;
        -:  628:    typedef GTEST_REMOVE_REFERENCE_AND_CONST_(U) RawU;
        -:  629:    const bool kTIsOther = GMOCK_KIND_OF_(RawT) == internal::kOther;
        -:  630:    const bool kUIsOther = GMOCK_KIND_OF_(RawU) == internal::kOther;
        -:  631:    GTEST_COMPILE_ASSERT_(
        -:  632:        kTIsOther || kUIsOther ||
        -:  633:        (internal::LosslessArithmeticConvertible<RawT, RawU>::value),
        -:  634:        conversion_of_arithmetic_types_must_be_lossless);
        -:  635:    return MatcherCast<T>(matcher);
        -:  636:  }
        -:  637:};
        -:  638:
        -:  639:template <typename T, typename M>
        -:  640:inline Matcher<T> SafeMatcherCast(const M& polymorphic_matcher) {
        -:  641:  return SafeMatcherCastImpl<T>::Cast(polymorphic_matcher);
        -:  642:}
        -:  643:
        -:  644:// A<T>() returns a matcher that matches any value of type T.
        -:  645:template <typename T>
        -:  646:Matcher<T> A();
        -:  647:
        -:  648:// Anything inside the 'internal' namespace IS INTERNAL IMPLEMENTATION
        -:  649:// and MUST NOT BE USED IN USER CODE!!!
        -:  650:namespace internal {
        -:  651:
        -:  652:// If the explanation is not empty, prints it to the ostream.
        -:  653:inline void PrintIfNotEmpty(const internal::string& explanation,
        -:  654:                            ::std::ostream* os) {
        -:  655:  if (explanation != "" && os != NULL) {
        -:  656:    *os << ", " << explanation;
        -:  657:  }
        -:  658:}
        -:  659:
        -:  660:// Returns true if the given type name is easy to read by a human.
        -:  661:// This is used to decide whether printing the type of a value might
        -:  662:// be helpful.
        -:  663:inline bool IsReadableTypeName(const string& type_name) {
        -:  664:  // We consider a type name readable if it's short or doesn't contain
        -:  665:  // a template or function type.
        -:  666:  return (type_name.length() <= 20 ||
        -:  667:          type_name.find_first_of("<(") == string::npos);
        -:  668:}
        -:  669:
        -:  670:// Matches the value against the given matcher, prints the value and explains
        -:  671:// the match result to the listener. Returns the match result.
        -:  672:// 'listener' must not be NULL.
        -:  673:// Value cannot be passed by const reference, because some matchers take a
        -:  674:// non-const argument.
        -:  675:template <typename Value, typename T>
        -:  676:bool MatchPrintAndExplain(Value& value, const Matcher<T>& matcher,
        -:  677:                          MatchResultListener* listener) {
        -:  678:  if (!listener->IsInterested()) {
        -:  679:    // If the listener is not interested, we do not need to construct the
        -:  680:    // inner explanation.
        -:  681:    return matcher.Matches(value);
        -:  682:  }
        -:  683:
        -:  684:  StringMatchResultListener inner_listener;
        -:  685:  const bool match = matcher.MatchAndExplain(value, &inner_listener);
        -:  686:
        -:  687:  UniversalPrint(value, listener->stream());
        -:  688:#if GTEST_HAS_RTTI
        -:  689:  const string& type_name = GetTypeName<Value>();
        -:  690:  if (IsReadableTypeName(type_name))
        -:  691:    *listener->stream() << " (of type " << type_name << ")";
        -:  692:#endif
        -:  693:  PrintIfNotEmpty(inner_listener.str(), listener->stream());
        -:  694:
        -:  695:  return match;
        -:  696:}
        -:  697:
        -:  698:// An internal helper class for doing compile-time loop on a tuple's
        -:  699:// fields.
        -:  700:template <size_t N>
        -:  701:class TuplePrefix {
        -:  702: public:
        -:  703:  // TuplePrefix<N>::Matches(matcher_tuple, value_tuple) returns true
        -:  704:  // iff the first N fields of matcher_tuple matches the first N
        -:  705:  // fields of value_tuple, respectively.
        -:  706:  template <typename MatcherTuple, typename ValueTuple>
        -:  707:  static bool Matches(const MatcherTuple& matcher_tuple,
        -:  708:                      const ValueTuple& value_tuple) {
        -:  709:    using ::std::tr1::get;
        -:  710:    return TuplePrefix<N - 1>::Matches(matcher_tuple, value_tuple)
        -:  711:        && get<N - 1>(matcher_tuple).Matches(get<N - 1>(value_tuple));
        -:  712:  }
        -:  713:
        -:  714:  // TuplePrefix<N>::ExplainMatchFailuresTo(matchers, values, os)
        -:  715:  // describes failures in matching the first N fields of matchers
        -:  716:  // against the first N fields of values.  If there is no failure,
        -:  717:  // nothing will be streamed to os.
        -:  718:  template <typename MatcherTuple, typename ValueTuple>
        -:  719:  static void ExplainMatchFailuresTo(const MatcherTuple& matchers,
        -:  720:                                     const ValueTuple& values,
        -:  721:                                     ::std::ostream* os) {
        -:  722:    using ::std::tr1::tuple_element;
        -:  723:    using ::std::tr1::get;
        -:  724:
        -:  725:    // First, describes failures in the first N - 1 fields.
        -:  726:    TuplePrefix<N - 1>::ExplainMatchFailuresTo(matchers, values, os);
        -:  727:
        -:  728:    // Then describes the failure (if any) in the (N - 1)-th (0-based)
        -:  729:    // field.
        -:  730:    typename tuple_element<N - 1, MatcherTuple>::type matcher =
        -:  731:        get<N - 1>(matchers);
        -:  732:    typedef typename tuple_element<N - 1, ValueTuple>::type Value;
        -:  733:    Value value = get<N - 1>(values);
        -:  734:    StringMatchResultListener listener;
        -:  735:    if (!matcher.MatchAndExplain(value, &listener)) {
        -:  736:      // TODO(wan): include in the message the name of the parameter
        -:  737:      // as used in MOCK_METHOD*() when possible.
        -:  738:      *os << "  Expected arg #" << N - 1 << ": ";
        -:  739:      get<N - 1>(matchers).DescribeTo(os);
        -:  740:      *os << "\n           Actual: ";
        -:  741:      // We remove the reference in type Value to prevent the
        -:  742:      // universal printer from printing the address of value, which
        -:  743:      // isn't interesting to the user most of the time.  The
        -:  744:      // matcher's MatchAndExplain() method handles the case when
        -:  745:      // the address is interesting.
        -:  746:      internal::UniversalPrint(value, os);
        -:  747:      PrintIfNotEmpty(listener.str(), os);
        -:  748:      *os << "\n";
        -:  749:    }
        -:  750:  }
        -:  751:};
        -:  752:
        -:  753:// The base case.
        -:  754:template <>
        -:  755:class TuplePrefix<0> {
        -:  756: public:
        -:  757:  template <typename MatcherTuple, typename ValueTuple>
        -:  758:  static bool Matches(const MatcherTuple& /* matcher_tuple */,
        -:  759:                      const ValueTuple& /* value_tuple */) {
        -:  760:    return true;
        -:  761:  }
        -:  762:
        -:  763:  template <typename MatcherTuple, typename ValueTuple>
        -:  764:  static void ExplainMatchFailuresTo(const MatcherTuple& /* matchers */,
        -:  765:                                     const ValueTuple& /* values */,
        -:  766:                                     ::std::ostream* /* os */) {}
        -:  767:};
        -:  768:
        -:  769:// TupleMatches(matcher_tuple, value_tuple) returns true iff all
        -:  770:// matchers in matcher_tuple match the corresponding fields in
        -:  771:// value_tuple.  It is a compiler error if matcher_tuple and
        -:  772:// value_tuple have different number of fields or incompatible field
        -:  773:// types.
        -:  774:template <typename MatcherTuple, typename ValueTuple>
        -:  775:bool TupleMatches(const MatcherTuple& matcher_tuple,
        -:  776:                  const ValueTuple& value_tuple) {
        -:  777:  using ::std::tr1::tuple_size;
        -:  778:  // Makes sure that matcher_tuple and value_tuple have the same
        -:  779:  // number of fields.
        -:  780:  GTEST_COMPILE_ASSERT_(tuple_size<MatcherTuple>::value ==
        -:  781:                        tuple_size<ValueTuple>::value,
        -:  782:                        matcher_and_value_have_different_numbers_of_fields);
        -:  783:  return TuplePrefix<tuple_size<ValueTuple>::value>::
        -:  784:      Matches(matcher_tuple, value_tuple);
        -:  785:}
        -:  786:
        -:  787:// Describes failures in matching matchers against values.  If there
        -:  788:// is no failure, nothing will be streamed to os.
        -:  789:template <typename MatcherTuple, typename ValueTuple>
        -:  790:void ExplainMatchFailureTupleTo(const MatcherTuple& matchers,
        -:  791:                                const ValueTuple& values,
        -:  792:                                ::std::ostream* os) {
        -:  793:  using ::std::tr1::tuple_size;
        -:  794:  TuplePrefix<tuple_size<MatcherTuple>::value>::ExplainMatchFailuresTo(
        -:  795:      matchers, values, os);
        -:  796:}
        -:  797:
        -:  798:// TransformTupleValues and its helper.
        -:  799://
        -:  800:// TransformTupleValuesHelper hides the internal machinery that
        -:  801:// TransformTupleValues uses to implement a tuple traversal.
        -:  802:template <typename Tuple, typename Func, typename OutIter>
        -:  803:class TransformTupleValuesHelper {
        -:  804: private:
        -:  805:  typedef typename ::std::tr1::tuple_size<Tuple> TupleSize;
        -:  806:
        -:  807: public:
        -:  808:  // For each member of tuple 't', taken in order, evaluates '*out++ = f(t)'.
        -:  809:  // Returns the final value of 'out' in case the caller needs it.
        -:  810:  static OutIter Run(Func f, const Tuple& t, OutIter out) {
        -:  811:    return IterateOverTuple<Tuple, TupleSize::value>()(f, t, out);
        -:  812:  }
        -:  813:
        -:  814: private:
        -:  815:  template <typename Tup, size_t kRemainingSize>
        -:  816:  struct IterateOverTuple {
        -:  817:    OutIter operator() (Func f, const Tup& t, OutIter out) const {
        -:  818:      *out++ = f(::std::tr1::get<TupleSize::value - kRemainingSize>(t));
        -:  819:      return IterateOverTuple<Tup, kRemainingSize - 1>()(f, t, out);
        -:  820:    }
        -:  821:  };
        -:  822:  template <typename Tup>
        -:  823:  struct IterateOverTuple<Tup, 0> {
        -:  824:    OutIter operator() (Func /* f */, const Tup& /* t */, OutIter out) const {
        -:  825:      return out;
        -:  826:    }
        -:  827:  };
        -:  828:};
        -:  829:
        -:  830:// Successively invokes 'f(element)' on each element of the tuple 't',
        -:  831:// appending each result to the 'out' iterator. Returns the final value
        -:  832:// of 'out'.
        -:  833:template <typename Tuple, typename Func, typename OutIter>
        -:  834:OutIter TransformTupleValues(Func f, const Tuple& t, OutIter out) {
        -:  835:  return TransformTupleValuesHelper<Tuple, Func, OutIter>::Run(f, t, out);
        -:  836:}
        -:  837:
        -:  838:// Implements A<T>().
        -:  839:template <typename T>
        -:  840:class AnyMatcherImpl : public MatcherInterface<T> {
        -:  841: public:
        -:  842:  virtual bool MatchAndExplain(
        -:  843:      T /* x */, MatchResultListener* /* listener */) const { return true; }
        -:  844:  virtual void DescribeTo(::std::ostream* os) const { *os << "is anything"; }
        -:  845:  virtual void DescribeNegationTo(::std::ostream* os) const {
        -:  846:    // This is mostly for completeness' safe, as it's not very useful
        -:  847:    // to write Not(A<bool>()).  However we cannot completely rule out
        -:  848:    // such a possibility, and it doesn't hurt to be prepared.
        -:  849:    *os << "never matches";
        -:  850:  }
        -:  851:};
        -:  852:
        -:  853:// Implements _, a matcher that matches any value of any
        -:  854:// type.  This is a polymorphic matcher, so we need a template type
        -:  855:// conversion operator to make it appearing as a Matcher<T> for any
        -:  856:// type T.
        -:  857:class AnythingMatcher {
        -:  858: public:
        -:  859:  template <typename T>
        -:  860:  operator Matcher<T>() const { return A<T>(); }
        -:  861:};
        -:  862:
        -:  863:// Implements a matcher that compares a given value with a
        -:  864:// pre-supplied value using one of the ==, <=, <, etc, operators.  The
        -:  865:// two values being compared don't have to have the same type.
        -:  866://
        -:  867:// The matcher defined here is polymorphic (for example, Eq(5) can be
        -:  868:// used to match an int, a short, a double, etc).  Therefore we use
        -:  869:// a template type conversion operator in the implementation.
        -:  870://
        -:  871:// We define this as a macro in order to eliminate duplicated source
        -:  872:// code.
        -:  873://
        -:  874:// The following template definition assumes that the Rhs parameter is
        -:  875:// a "bare" type (i.e. neither 'const T' nor 'T&').
        -:  876:#define GMOCK_IMPLEMENT_COMPARISON_MATCHER_( \
        -:  877:    name, op, relation, negated_relation) \
        -:  878:  template <typename Rhs> class name##Matcher { \
        -:  879:   public: \
        -:  880:    explicit name##Matcher(const Rhs& rhs) : rhs_(rhs) {} \
        -:  881:    template <typename Lhs> \
        -:  882:    operator Matcher<Lhs>() const { \
        -:  883:      return MakeMatcher(new Impl<Lhs>(rhs_)); \
        -:  884:    } \
        -:  885:   private: \
        -:  886:    template <typename Lhs> \
        -:  887:    class Impl : public MatcherInterface<Lhs> { \
        -:  888:     public: \
        -:  889:      explicit Impl(const Rhs& rhs) : rhs_(rhs) {} \
        -:  890:      virtual bool MatchAndExplain(\
        -:  891:          Lhs lhs, MatchResultListener* /* listener */) const { \
        -:  892:        return lhs op rhs_; \
        -:  893:      } \
        -:  894:      virtual void DescribeTo(::std::ostream* os) const { \
        -:  895:        *os << relation  " "; \
        -:  896:        UniversalPrint(rhs_, os); \
        -:  897:      } \
        -:  898:      virtual void DescribeNegationTo(::std::ostream* os) const { \
        -:  899:        *os << negated_relation  " "; \
        -:  900:        UniversalPrint(rhs_, os); \
        -:  901:      } \
        -:  902:     private: \
        -:  903:      Rhs rhs_; \
        -:  904:      GTEST_DISALLOW_ASSIGN_(Impl); \
        -:  905:    }; \
        -:  906:    Rhs rhs_; \
        -:  907:    GTEST_DISALLOW_ASSIGN_(name##Matcher); \
        -:  908:  }
        -:  909:
        -:  910:// Implements Eq(v), Ge(v), Gt(v), Le(v), Lt(v), and Ne(v)
        -:  911:// respectively.
        -:  912:GMOCK_IMPLEMENT_COMPARISON_MATCHER_(Eq, ==, "is equal to", "isn't equal to");
        -:  913:GMOCK_IMPLEMENT_COMPARISON_MATCHER_(Ge, >=, "is >=", "isn't >=");
        -:  914:GMOCK_IMPLEMENT_COMPARISON_MATCHER_(Gt, >, "is >", "isn't >");
        -:  915:GMOCK_IMPLEMENT_COMPARISON_MATCHER_(Le, <=, "is <=", "isn't <=");
        -:  916:GMOCK_IMPLEMENT_COMPARISON_MATCHER_(Lt, <, "is <", "isn't <");
        -:  917:GMOCK_IMPLEMENT_COMPARISON_MATCHER_(Ne, !=, "isn't equal to", "is equal to");
        -:  918:
        -:  919:#undef GMOCK_IMPLEMENT_COMPARISON_MATCHER_
        -:  920:
        -:  921:// Implements the polymorphic IsNull() matcher, which matches any raw or smart
        -:  922:// pointer that is NULL.
        -:  923:class IsNullMatcher {
        -:  924: public:
        -:  925:  template <typename Pointer>
        -:  926:  bool MatchAndExplain(const Pointer& p,
        -:  927:                       MatchResultListener* /* listener */) const {
        -:  928:    return GetRawPointer(p) == NULL;
        -:  929:  }
        -:  930:
        -:  931:  void DescribeTo(::std::ostream* os) const { *os << "is NULL"; }
        -:  932:  void DescribeNegationTo(::std::ostream* os) const {
        -:  933:    *os << "isn't NULL";
        -:  934:  }
        -:  935:};
        -:  936:
        -:  937:// Implements the polymorphic NotNull() matcher, which matches any raw or smart
        -:  938:// pointer that is not NULL.
        -:  939:class NotNullMatcher {
        -:  940: public:
        -:  941:  template <typename Pointer>
        -:  942:  bool MatchAndExplain(const Pointer& p,
        -:  943:                       MatchResultListener* /* listener */) const {
        -:  944:    return GetRawPointer(p) != NULL;
        -:  945:  }
        -:  946:
        -:  947:  void DescribeTo(::std::ostream* os) const { *os << "isn't NULL"; }
        -:  948:  void DescribeNegationTo(::std::ostream* os) const {
        -:  949:    *os << "is NULL";
        -:  950:  }
        -:  951:};
        -:  952:
        -:  953:// Ref(variable) matches any argument that is a reference to
        -:  954:// 'variable'.  This matcher is polymorphic as it can match any
        -:  955:// super type of the type of 'variable'.
        -:  956://
        -:  957:// The RefMatcher template class implements Ref(variable).  It can
        -:  958:// only be instantiated with a reference type.  This prevents a user
        -:  959:// from mistakenly using Ref(x) to match a non-reference function
        -:  960:// argument.  For example, the following will righteously cause a
        -:  961:// compiler error:
        -:  962://
        -:  963://   int n;
        -:  964://   Matcher<int> m1 = Ref(n);   // This won't compile.
        -:  965://   Matcher<int&> m2 = Ref(n);  // This will compile.
        -:  966:template <typename T>
        -:  967:class RefMatcher;
        -:  968:
        -:  969:template <typename T>
        -:  970:class RefMatcher<T&> {
        -:  971:  // Google Mock is a generic framework and thus needs to support
        -:  972:  // mocking any function types, including those that take non-const
        -:  973:  // reference arguments.  Therefore the template parameter T (and
        -:  974:  // Super below) can be instantiated to either a const type or a
        -:  975:  // non-const type.
        -:  976: public:
        -:  977:  // RefMatcher() takes a T& instead of const T&, as we want the
        -:  978:  // compiler to catch using Ref(const_value) as a matcher for a
        -:  979:  // non-const reference.
        -:  980:  explicit RefMatcher(T& x) : object_(x) {}  // NOLINT
        -:  981:
        -:  982:  template <typename Super>
        -:  983:  operator Matcher<Super&>() const {
        -:  984:    // By passing object_ (type T&) to Impl(), which expects a Super&,
        -:  985:    // we make sure that Super is a super type of T.  In particular,
        -:  986:    // this catches using Ref(const_value) as a matcher for a
        -:  987:    // non-const reference, as you cannot implicitly convert a const
        -:  988:    // reference to a non-const reference.
        -:  989:    return MakeMatcher(new Impl<Super>(object_));
        -:  990:  }
        -:  991:
        -:  992: private:
        -:  993:  template <typename Super>
        -:  994:  class Impl : public MatcherInterface<Super&> {
        -:  995:   public:
        -:  996:    explicit Impl(Super& x) : object_(x) {}  // NOLINT
        -:  997:
        -:  998:    // MatchAndExplain() takes a Super& (as opposed to const Super&)
        -:  999:    // in order to match the interface MatcherInterface<Super&>.
        -: 1000:    virtual bool MatchAndExplain(
        -: 1001:        Super& x, MatchResultListener* listener) const {
        -: 1002:      *listener << "which is located @" << static_cast<const void*>(&x);
        -: 1003:      return &x == &object_;
        -: 1004:    }
        -: 1005:
        -: 1006:    virtual void DescribeTo(::std::ostream* os) const {
        -: 1007:      *os << "references the variable ";
        -: 1008:      UniversalPrinter<Super&>::Print(object_, os);
        -: 1009:    }
        -: 1010:
        -: 1011:    virtual void DescribeNegationTo(::std::ostream* os) const {
        -: 1012:      *os << "does not reference the variable ";
        -: 1013:      UniversalPrinter<Super&>::Print(object_, os);
        -: 1014:    }
        -: 1015:
        -: 1016:   private:
        -: 1017:    const Super& object_;
        -: 1018:
        -: 1019:    GTEST_DISALLOW_ASSIGN_(Impl);
        -: 1020:  };
        -: 1021:
        -: 1022:  T& object_;
        -: 1023:
        -: 1024:  GTEST_DISALLOW_ASSIGN_(RefMatcher);
        -: 1025:};
        -: 1026:
        -: 1027:// Polymorphic helper functions for narrow and wide string matchers.
        -: 1028:inline bool CaseInsensitiveCStringEquals(const char* lhs, const char* rhs) {
        -: 1029:  return String::CaseInsensitiveCStringEquals(lhs, rhs);
        -: 1030:}
        -: 1031:
        -: 1032:inline bool CaseInsensitiveCStringEquals(const wchar_t* lhs,
        -: 1033:                                         const wchar_t* rhs) {
        -: 1034:  return String::CaseInsensitiveWideCStringEquals(lhs, rhs);
        -: 1035:}
        -: 1036:
        -: 1037:// String comparison for narrow or wide strings that can have embedded NUL
        -: 1038:// characters.
        -: 1039:template <typename StringType>
        -: 1040:bool CaseInsensitiveStringEquals(const StringType& s1,
        -: 1041:                                 const StringType& s2) {
        -: 1042:  // Are the heads equal?
        -: 1043:  if (!CaseInsensitiveCStringEquals(s1.c_str(), s2.c_str())) {
        -: 1044:    return false;
        -: 1045:  }
        -: 1046:
        -: 1047:  // Skip the equal heads.
        -: 1048:  const typename StringType::value_type nul = 0;
        -: 1049:  const size_t i1 = s1.find(nul), i2 = s2.find(nul);
        -: 1050:
        -: 1051:  // Are we at the end of either s1 or s2?
        -: 1052:  if (i1 == StringType::npos || i2 == StringType::npos) {
        -: 1053:    return i1 == i2;
        -: 1054:  }
        -: 1055:
        -: 1056:  // Are the tails equal?
        -: 1057:  return CaseInsensitiveStringEquals(s1.substr(i1 + 1), s2.substr(i2 + 1));
        -: 1058:}
        -: 1059:
        -: 1060:// String matchers.
        -: 1061:
        -: 1062:// Implements equality-based string matchers like StrEq, StrCaseNe, and etc.
        -: 1063:template <typename StringType>
        -: 1064:class StrEqualityMatcher {
        -: 1065: public:
        -: 1066:  StrEqualityMatcher(const StringType& str, bool expect_eq,
        -: 1067:                     bool case_sensitive)
        -: 1068:      : string_(str), expect_eq_(expect_eq), case_sensitive_(case_sensitive) {}
        -: 1069:
        -: 1070:  // Accepts pointer types, particularly:
        -: 1071:  //   const char*
        -: 1072:  //   char*
        -: 1073:  //   const wchar_t*
        -: 1074:  //   wchar_t*
        -: 1075:  template <typename CharType>
        -: 1076:  bool MatchAndExplain(CharType* s, MatchResultListener* listener) const {
        -: 1077:    if (s == NULL) {
        -: 1078:      return !expect_eq_;
        -: 1079:    }
        -: 1080:    return MatchAndExplain(StringType(s), listener);
        -: 1081:  }
        -: 1082:
        -: 1083:  // Matches anything that can convert to StringType.
        -: 1084:  //
        -: 1085:  // This is a template, not just a plain function with const StringType&,
        -: 1086:  // because StringPiece has some interfering non-explicit constructors.
        -: 1087:  template <typename MatcheeStringType>
        -: 1088:  bool MatchAndExplain(const MatcheeStringType& s,
        -: 1089:                       MatchResultListener* /* listener */) const {
        -: 1090:    const StringType& s2(s);
        -: 1091:    const bool eq = case_sensitive_ ? s2 == string_ :
        -: 1092:        CaseInsensitiveStringEquals(s2, string_);
        -: 1093:    return expect_eq_ == eq;
        -: 1094:  }
        -: 1095:
        -: 1096:  void DescribeTo(::std::ostream* os) const {
        -: 1097:    DescribeToHelper(expect_eq_, os);
        -: 1098:  }
        -: 1099:
        -: 1100:  void DescribeNegationTo(::std::ostream* os) const {
        -: 1101:    DescribeToHelper(!expect_eq_, os);
        -: 1102:  }
        -: 1103:
        -: 1104: private:
        -: 1105:  void DescribeToHelper(bool expect_eq, ::std::ostream* os) const {
        -: 1106:    *os << (expect_eq ? "is " : "isn't ");
        -: 1107:    *os << "equal to ";
        -: 1108:    if (!case_sensitive_) {
        -: 1109:      *os << "(ignoring case) ";
        -: 1110:    }
        -: 1111:    UniversalPrint(string_, os);
        -: 1112:  }
        -: 1113:
        -: 1114:  const StringType string_;
        -: 1115:  const bool expect_eq_;
        -: 1116:  const bool case_sensitive_;
        -: 1117:
        -: 1118:  GTEST_DISALLOW_ASSIGN_(StrEqualityMatcher);
        -: 1119:};
        -: 1120:
        -: 1121:// Implements the polymorphic HasSubstr(substring) matcher, which
        -: 1122:// can be used as a Matcher<T> as long as T can be converted to a
        -: 1123:// string.
        -: 1124:template <typename StringType>
        -: 1125:class HasSubstrMatcher {
        -: 1126: public:
        -: 1127:  explicit HasSubstrMatcher(const StringType& substring)
        -: 1128:      : substring_(substring) {}
        -: 1129:
        -: 1130:  // Accepts pointer types, particularly:
        -: 1131:  //   const char*
        -: 1132:  //   char*
        -: 1133:  //   const wchar_t*
        -: 1134:  //   wchar_t*
        -: 1135:  template <typename CharType>
        -: 1136:  bool MatchAndExplain(CharType* s, MatchResultListener* listener) const {
        -: 1137:    return s != NULL && MatchAndExplain(StringType(s), listener);
        -: 1138:  }
        -: 1139:
        -: 1140:  // Matches anything that can convert to StringType.
        -: 1141:  //
        -: 1142:  // This is a template, not just a plain function with const StringType&,
        -: 1143:  // because StringPiece has some interfering non-explicit constructors.
        -: 1144:  template <typename MatcheeStringType>
        -: 1145:  bool MatchAndExplain(const MatcheeStringType& s,
        -: 1146:                       MatchResultListener* /* listener */) const {
        -: 1147:    const StringType& s2(s);
        -: 1148:    return s2.find(substring_) != StringType::npos;
        -: 1149:  }
        -: 1150:
        -: 1151:  // Describes what this matcher matches.
        -: 1152:  void DescribeTo(::std::ostream* os) const {
        -: 1153:    *os << "has substring ";
        -: 1154:    UniversalPrint(substring_, os);
        -: 1155:  }
        -: 1156:
        -: 1157:  void DescribeNegationTo(::std::ostream* os) const {
        -: 1158:    *os << "has no substring ";
        -: 1159:    UniversalPrint(substring_, os);
        -: 1160:  }
        -: 1161:
        -: 1162: private:
        -: 1163:  const StringType substring_;
        -: 1164:
        -: 1165:  GTEST_DISALLOW_ASSIGN_(HasSubstrMatcher);
        -: 1166:};
        -: 1167:
        -: 1168:// Implements the polymorphic StartsWith(substring) matcher, which
        -: 1169:// can be used as a Matcher<T> as long as T can be converted to a
        -: 1170:// string.
        -: 1171:template <typename StringType>
        -: 1172:class StartsWithMatcher {
        -: 1173: public:
        -: 1174:  explicit StartsWithMatcher(const StringType& prefix) : prefix_(prefix) {
        -: 1175:  }
        -: 1176:
        -: 1177:  // Accepts pointer types, particularly:
        -: 1178:  //   const char*
        -: 1179:  //   char*
        -: 1180:  //   const wchar_t*
        -: 1181:  //   wchar_t*
        -: 1182:  template <typename CharType>
        -: 1183:  bool MatchAndExplain(CharType* s, MatchResultListener* listener) const {
        -: 1184:    return s != NULL && MatchAndExplain(StringType(s), listener);
        -: 1185:  }
        -: 1186:
        -: 1187:  // Matches anything that can convert to StringType.
        -: 1188:  //
        -: 1189:  // This is a template, not just a plain function with const StringType&,
        -: 1190:  // because StringPiece has some interfering non-explicit constructors.
        -: 1191:  template <typename MatcheeStringType>
        -: 1192:  bool MatchAndExplain(const MatcheeStringType& s,
        -: 1193:                       MatchResultListener* /* listener */) const {
        -: 1194:    const StringType& s2(s);
        -: 1195:    return s2.length() >= prefix_.length() &&
        -: 1196:        s2.substr(0, prefix_.length()) == prefix_;
        -: 1197:  }
        -: 1198:
        -: 1199:  void DescribeTo(::std::ostream* os) const {
        -: 1200:    *os << "starts with ";
        -: 1201:    UniversalPrint(prefix_, os);
        -: 1202:  }
        -: 1203:
        -: 1204:  void DescribeNegationTo(::std::ostream* os) const {
        -: 1205:    *os << "doesn't start with ";
        -: 1206:    UniversalPrint(prefix_, os);
        -: 1207:  }
        -: 1208:
        -: 1209: private:
        -: 1210:  const StringType prefix_;
        -: 1211:
        -: 1212:  GTEST_DISALLOW_ASSIGN_(StartsWithMatcher);
        -: 1213:};
        -: 1214:
        -: 1215:// Implements the polymorphic EndsWith(substring) matcher, which
        -: 1216:// can be used as a Matcher<T> as long as T can be converted to a
        -: 1217:// string.
        -: 1218:template <typename StringType>
        -: 1219:class EndsWithMatcher {
        -: 1220: public:
        -: 1221:  explicit EndsWithMatcher(const StringType& suffix) : suffix_(suffix) {}
        -: 1222:
        -: 1223:  // Accepts pointer types, particularly:
        -: 1224:  //   const char*
        -: 1225:  //   char*
        -: 1226:  //   const wchar_t*
        -: 1227:  //   wchar_t*
        -: 1228:  template <typename CharType>
        -: 1229:  bool MatchAndExplain(CharType* s, MatchResultListener* listener) const {
        -: 1230:    return s != NULL && MatchAndExplain(StringType(s), listener);
        -: 1231:  }
        -: 1232:
        -: 1233:  // Matches anything that can convert to StringType.
        -: 1234:  //
        -: 1235:  // This is a template, not just a plain function with const StringType&,
        -: 1236:  // because StringPiece has some interfering non-explicit constructors.
        -: 1237:  template <typename MatcheeStringType>
        -: 1238:  bool MatchAndExplain(const MatcheeStringType& s,
        -: 1239:                       MatchResultListener* /* listener */) const {
        -: 1240:    const StringType& s2(s);
        -: 1241:    return s2.length() >= suffix_.length() &&
        -: 1242:        s2.substr(s2.length() - suffix_.length()) == suffix_;
        -: 1243:  }
        -: 1244:
        -: 1245:  void DescribeTo(::std::ostream* os) const {
        -: 1246:    *os << "ends with ";
        -: 1247:    UniversalPrint(suffix_, os);
        -: 1248:  }
        -: 1249:
        -: 1250:  void DescribeNegationTo(::std::ostream* os) const {
        -: 1251:    *os << "doesn't end with ";
        -: 1252:    UniversalPrint(suffix_, os);
        -: 1253:  }
        -: 1254:
        -: 1255: private:
        -: 1256:  const StringType suffix_;
        -: 1257:
        -: 1258:  GTEST_DISALLOW_ASSIGN_(EndsWithMatcher);
        -: 1259:};
        -: 1260:
        -: 1261:// Implements polymorphic matchers MatchesRegex(regex) and
        -: 1262:// ContainsRegex(regex), which can be used as a Matcher<T> as long as
        -: 1263:// T can be converted to a string.
        -: 1264:class MatchesRegexMatcher {
        -: 1265: public:
        -: 1266:  MatchesRegexMatcher(const RE* regex, bool full_match)
        -: 1267:      : regex_(regex), full_match_(full_match) {}
        -: 1268:
        -: 1269:  // Accepts pointer types, particularly:
        -: 1270:  //   const char*
        -: 1271:  //   char*
        -: 1272:  //   const wchar_t*
        -: 1273:  //   wchar_t*
        -: 1274:  template <typename CharType>
        -: 1275:  bool MatchAndExplain(CharType* s, MatchResultListener* listener) const {
        -: 1276:    return s != NULL && MatchAndExplain(internal::string(s), listener);
        -: 1277:  }
        -: 1278:
        -: 1279:  // Matches anything that can convert to internal::string.
        -: 1280:  //
        -: 1281:  // This is a template, not just a plain function with const internal::string&,
        -: 1282:  // because StringPiece has some interfering non-explicit constructors.
        -: 1283:  template <class MatcheeStringType>
        -: 1284:  bool MatchAndExplain(const MatcheeStringType& s,
        -: 1285:                       MatchResultListener* /* listener */) const {
        -: 1286:    const internal::string& s2(s);
        -: 1287:    return full_match_ ? RE::FullMatch(s2, *regex_) :
        -: 1288:        RE::PartialMatch(s2, *regex_);
        -: 1289:  }
        -: 1290:
        -: 1291:  void DescribeTo(::std::ostream* os) const {
        -: 1292:    *os << (full_match_ ? "matches" : "contains")
        -: 1293:        << " regular expression ";
        -: 1294:    UniversalPrinter<internal::string>::Print(regex_->pattern(), os);
        -: 1295:  }
        -: 1296:
        -: 1297:  void DescribeNegationTo(::std::ostream* os) const {
        -: 1298:    *os << "doesn't " << (full_match_ ? "match" : "contain")
        -: 1299:        << " regular expression ";
        -: 1300:    UniversalPrinter<internal::string>::Print(regex_->pattern(), os);
        -: 1301:  }
        -: 1302:
        -: 1303: private:
        -: 1304:  const internal::linked_ptr<const RE> regex_;
        -: 1305:  const bool full_match_;
        -: 1306:
        -: 1307:  GTEST_DISALLOW_ASSIGN_(MatchesRegexMatcher);
        -: 1308:};
        -: 1309:
        -: 1310:// Implements a matcher that compares the two fields of a 2-tuple
        -: 1311:// using one of the ==, <=, <, etc, operators.  The two fields being
        -: 1312:// compared don't have to have the same type.
        -: 1313://
        -: 1314:// The matcher defined here is polymorphic (for example, Eq() can be
        -: 1315:// used to match a tuple<int, short>, a tuple<const long&, double>,
        -: 1316:// etc).  Therefore we use a template type conversion operator in the
        -: 1317:// implementation.
        -: 1318://
        -: 1319:// We define this as a macro in order to eliminate duplicated source
        -: 1320:// code.
        -: 1321:#define GMOCK_IMPLEMENT_COMPARISON2_MATCHER_(name, op, relation) \
        -: 1322:  class name##2Matcher { \
        -: 1323:   public: \
        -: 1324:    template <typename T1, typename T2> \
        -: 1325:    operator Matcher< ::std::tr1::tuple<T1, T2> >() const { \
        -: 1326:      return MakeMatcher(new Impl< ::std::tr1::tuple<T1, T2> >); \
        -: 1327:    } \
        -: 1328:    template <typename T1, typename T2> \
        -: 1329:    operator Matcher<const ::std::tr1::tuple<T1, T2>&>() const { \
        -: 1330:      return MakeMatcher(new Impl<const ::std::tr1::tuple<T1, T2>&>); \
        -: 1331:    } \
        -: 1332:   private: \
        -: 1333:    template <typename Tuple> \
        -: 1334:    class Impl : public MatcherInterface<Tuple> { \
        -: 1335:     public: \
        -: 1336:      virtual bool MatchAndExplain( \
        -: 1337:          Tuple args, \
        -: 1338:          MatchResultListener* /* listener */) const { \
        -: 1339:        return ::std::tr1::get<0>(args) op ::std::tr1::get<1>(args); \
        -: 1340:      } \
        -: 1341:      virtual void DescribeTo(::std::ostream* os) const { \
        -: 1342:        *os << "are " relation;                                 \
        -: 1343:      } \
        -: 1344:      virtual void DescribeNegationTo(::std::ostream* os) const { \
        -: 1345:        *os << "aren't " relation; \
        -: 1346:      } \
        -: 1347:    }; \
        -: 1348:  }
        -: 1349:
        -: 1350:// Implements Eq(), Ge(), Gt(), Le(), Lt(), and Ne() respectively.
        -: 1351:GMOCK_IMPLEMENT_COMPARISON2_MATCHER_(Eq, ==, "an equal pair");
        -: 1352:GMOCK_IMPLEMENT_COMPARISON2_MATCHER_(
        -: 1353:    Ge, >=, "a pair where the first >= the second");
        -: 1354:GMOCK_IMPLEMENT_COMPARISON2_MATCHER_(
        -: 1355:    Gt, >, "a pair where the first > the second");
        -: 1356:GMOCK_IMPLEMENT_COMPARISON2_MATCHER_(
        -: 1357:    Le, <=, "a pair where the first <= the second");
        -: 1358:GMOCK_IMPLEMENT_COMPARISON2_MATCHER_(
        -: 1359:    Lt, <, "a pair where the first < the second");
        -: 1360:GMOCK_IMPLEMENT_COMPARISON2_MATCHER_(Ne, !=, "an unequal pair");
        -: 1361:
        -: 1362:#undef GMOCK_IMPLEMENT_COMPARISON2_MATCHER_
        -: 1363:
        -: 1364:// Implements the Not(...) matcher for a particular argument type T.
        -: 1365:// We do not nest it inside the NotMatcher class template, as that
        -: 1366:// will prevent different instantiations of NotMatcher from sharing
        -: 1367:// the same NotMatcherImpl<T> class.
        -: 1368:template <typename T>
        -: 1369:class NotMatcherImpl : public MatcherInterface<T> {
        -: 1370: public:
        -: 1371:  explicit NotMatcherImpl(const Matcher<T>& matcher)
        -: 1372:      : matcher_(matcher) {}
        -: 1373:
        -: 1374:  virtual bool MatchAndExplain(T x, MatchResultListener* listener) const {
        -: 1375:    return !matcher_.MatchAndExplain(x, listener);
        -: 1376:  }
        -: 1377:
        -: 1378:  virtual void DescribeTo(::std::ostream* os) const {
        -: 1379:    matcher_.DescribeNegationTo(os);
        -: 1380:  }
        -: 1381:
        -: 1382:  virtual void DescribeNegationTo(::std::ostream* os) const {
        -: 1383:    matcher_.DescribeTo(os);
        -: 1384:  }
        -: 1385:
        -: 1386: private:
        -: 1387:  const Matcher<T> matcher_;
        -: 1388:
        -: 1389:  GTEST_DISALLOW_ASSIGN_(NotMatcherImpl);
        -: 1390:};
        -: 1391:
        -: 1392:// Implements the Not(m) matcher, which matches a value that doesn't
        -: 1393:// match matcher m.
        -: 1394:template <typename InnerMatcher>
        -: 1395:class NotMatcher {
        -: 1396: public:
        -: 1397:  explicit NotMatcher(InnerMatcher matcher) : matcher_(matcher) {}
        -: 1398:
        -: 1399:  // This template type conversion operator allows Not(m) to be used
        -: 1400:  // to match any type m can match.
        -: 1401:  template <typename T>
        -: 1402:  operator Matcher<T>() const {
        -: 1403:    return Matcher<T>(new NotMatcherImpl<T>(SafeMatcherCast<T>(matcher_)));
        -: 1404:  }
        -: 1405:
        -: 1406: private:
        -: 1407:  InnerMatcher matcher_;
        -: 1408:
        -: 1409:  GTEST_DISALLOW_ASSIGN_(NotMatcher);
        -: 1410:};
        -: 1411:
        -: 1412:// Implements the AllOf(m1, m2) matcher for a particular argument type
        -: 1413:// T. We do not nest it inside the BothOfMatcher class template, as
        -: 1414:// that will prevent different instantiations of BothOfMatcher from
        -: 1415:// sharing the same BothOfMatcherImpl<T> class.
        -: 1416:template <typename T>
        -: 1417:class BothOfMatcherImpl : public MatcherInterface<T> {
        -: 1418: public:
        -: 1419:  BothOfMatcherImpl(const Matcher<T>& matcher1, const Matcher<T>& matcher2)
        -: 1420:      : matcher1_(matcher1), matcher2_(matcher2) {}
        -: 1421:
        -: 1422:  virtual void DescribeTo(::std::ostream* os) const {
        -: 1423:    *os << "(";
        -: 1424:    matcher1_.DescribeTo(os);
        -: 1425:    *os << ") and (";
        -: 1426:    matcher2_.DescribeTo(os);
        -: 1427:    *os << ")";
        -: 1428:  }
        -: 1429:
        -: 1430:  virtual void DescribeNegationTo(::std::ostream* os) const {
        -: 1431:    *os << "(";
        -: 1432:    matcher1_.DescribeNegationTo(os);
        -: 1433:    *os << ") or (";
        -: 1434:    matcher2_.DescribeNegationTo(os);
        -: 1435:    *os << ")";
        -: 1436:  }
        -: 1437:
        -: 1438:  virtual bool MatchAndExplain(T x, MatchResultListener* listener) const {
        -: 1439:    // If either matcher1_ or matcher2_ doesn't match x, we only need
        -: 1440:    // to explain why one of them fails.
        -: 1441:    StringMatchResultListener listener1;
        -: 1442:    if (!matcher1_.MatchAndExplain(x, &listener1)) {
        -: 1443:      *listener << listener1.str();
        -: 1444:      return false;
        -: 1445:    }
        -: 1446:
        -: 1447:    StringMatchResultListener listener2;
        -: 1448:    if (!matcher2_.MatchAndExplain(x, &listener2)) {
        -: 1449:      *listener << listener2.str();
        -: 1450:      return false;
        -: 1451:    }
        -: 1452:
        -: 1453:    // Otherwise we need to explain why *both* of them match.
        -: 1454:    const internal::string s1 = listener1.str();
        -: 1455:    const internal::string s2 = listener2.str();
        -: 1456:
        -: 1457:    if (s1 == "") {
        -: 1458:      *listener << s2;
        -: 1459:    } else {
        -: 1460:      *listener << s1;
        -: 1461:      if (s2 != "") {
        -: 1462:        *listener << ", and " << s2;
        -: 1463:      }
        -: 1464:    }
        -: 1465:    return true;
        -: 1466:  }
        -: 1467:
        -: 1468: private:
        -: 1469:  const Matcher<T> matcher1_;
        -: 1470:  const Matcher<T> matcher2_;
        -: 1471:
        -: 1472:  GTEST_DISALLOW_ASSIGN_(BothOfMatcherImpl);
        -: 1473:};
        -: 1474:
        -: 1475:#if GTEST_LANG_CXX11
        -: 1476:// MatcherList provides mechanisms for storing a variable number of matchers in
        -: 1477:// a list structure (ListType) and creating a combining matcher from such a
        -: 1478:// list.
        -: 1479:// The template is defined recursively using the following template paramters:
        -: 1480://   * kSize is the length of the MatcherList.
        -: 1481://   * Head is the type of the first matcher of the list.
        -: 1482://   * Tail denotes the types of the remaining matchers of the list.
        -: 1483:template <int kSize, typename Head, typename... Tail>
        -: 1484:struct MatcherList {
        -: 1485:  typedef MatcherList<kSize - 1, Tail...> MatcherListTail;
        -: 1486:  typedef ::std::pair<Head, typename MatcherListTail::ListType> ListType;
        -: 1487:
        -: 1488:  // BuildList stores variadic type values in a nested pair structure.
        -: 1489:  // Example:
        -: 1490:  // MatcherList<3, int, string, float>::BuildList(5, "foo", 2.0) will return
        -: 1491:  // the corresponding result of type pair<int, pair<string, float>>.
        -: 1492:  static ListType BuildList(const Head& matcher, const Tail&... tail) {
        -: 1493:    return ListType(matcher, MatcherListTail::BuildList(tail...));
        -: 1494:  }
        -: 1495:
        -: 1496:  // CreateMatcher<T> creates a Matcher<T> from a given list of matchers (built
        -: 1497:  // by BuildList()). CombiningMatcher<T> is used to combine the matchers of the
        -: 1498:  // list. CombiningMatcher<T> must implement MatcherInterface<T> and have a
        -: 1499:  // constructor taking two Matcher<T>s as input.
        -: 1500:  template <typename T, template <typename /* T */> class CombiningMatcher>
        -: 1501:  static Matcher<T> CreateMatcher(const ListType& matchers) {
        -: 1502:    return Matcher<T>(new CombiningMatcher<T>(
        -: 1503:        SafeMatcherCast<T>(matchers.first),
        -: 1504:        MatcherListTail::template CreateMatcher<T, CombiningMatcher>(
        -: 1505:            matchers.second)));
        -: 1506:  }
        -: 1507:};
        -: 1508:
        -: 1509:// The following defines the base case for the recursive definition of
        -: 1510:// MatcherList.
        -: 1511:template <typename Matcher1, typename Matcher2>
        -: 1512:struct MatcherList<2, Matcher1, Matcher2> {
        -: 1513:  typedef ::std::pair<Matcher1, Matcher2> ListType;
        -: 1514:
        -: 1515:  static ListType BuildList(const Matcher1& matcher1,
        -: 1516:                            const Matcher2& matcher2) {
        -: 1517:    return ::std::pair<Matcher1, Matcher2>(matcher1, matcher2);
        -: 1518:  }
        -: 1519:
        -: 1520:  template <typename T, template <typename /* T */> class CombiningMatcher>
        -: 1521:  static Matcher<T> CreateMatcher(const ListType& matchers) {
        -: 1522:    return Matcher<T>(new CombiningMatcher<T>(
        -: 1523:        SafeMatcherCast<T>(matchers.first),
        -: 1524:        SafeMatcherCast<T>(matchers.second)));
        -: 1525:  }
        -: 1526:};
        -: 1527:
        -: 1528:// VariadicMatcher is used for the variadic implementation of
        -: 1529:// AllOf(m_1, m_2, ...) and AnyOf(m_1, m_2, ...).
        -: 1530:// CombiningMatcher<T> is used to recursively combine the provided matchers
        -: 1531:// (of type Args...).
        -: 1532:template <template <typename T> class CombiningMatcher, typename... Args>
        -: 1533:class VariadicMatcher {
        -: 1534: public:
        -: 1535:  VariadicMatcher(const Args&... matchers)  // NOLINT
        -: 1536:      : matchers_(MatcherListType::BuildList(matchers...)) {}
        -: 1537:
        -: 1538:  // This template type conversion operator allows an
        -: 1539:  // VariadicMatcher<Matcher1, Matcher2...> object to match any type that
        -: 1540:  // all of the provided matchers (Matcher1, Matcher2, ...) can match.
        -: 1541:  template <typename T>
        -: 1542:  operator Matcher<T>() const {
[...]
        -: 3634:      str, false, true));
        -: 3635:}
        -: 3636:
        -: 3637:// Matches a string equal to str, ignoring case.
        -: 3638:inline PolymorphicMatcher<internal::StrEqualityMatcher<internal::string> >
        -: 3639:    StrCaseEq(const internal::string& str) {
        -: 3640:  return MakePolymorphicMatcher(internal::StrEqualityMatcher<internal::string>(
        -: 3641:      str, true, false));
        -: 3642:}
        -: 3643:
        -: 3644:// Matches a string not equal to str, ignoring case.
        -: 3645:inline PolymorphicMatcher<internal::StrEqualityMatcher<internal::string> >
        -: 3646:    StrCaseNe(const internal::string& str) {
        -: 3647:  return MakePolymorphicMatcher(internal::StrEqualityMatcher<internal::string>(
        -: 3648:      str, false, false));
        -: 3649:}
        -: 3650:
        -: 3651:// Creates a matcher that matches any string, std::string, or C string
        -: 3652:// that contains the given substring.
        -: 3653:inline PolymorphicMatcher<internal::HasSubstrMatcher<internal::string> >
        -: 3654:    HasSubstr(const internal::string& substring) {
        -: 3655:  return MakePolymorphicMatcher(internal::HasSubstrMatcher<internal::string>(
        -: 3656:      substring));
        -: 3657:}
        -: 3658:
        -: 3659:// Matches a string that starts with 'prefix' (case-sensitive).
        -: 3660:inline PolymorphicMatcher<internal::StartsWithMatcher<internal::string> >
        -: 3661:    StartsWith(const internal::string& prefix) {
        -: 3662:  return MakePolymorphicMatcher(internal::StartsWithMatcher<internal::string>(
        -: 3663:      prefix));
        -: 3664:}
        -: 3665:
        -: 3666:// Matches a string that ends with 'suffix' (case-sensitive).
        -: 3667:inline PolymorphicMatcher<internal::EndsWithMatcher<internal::string> >
        -: 3668:    EndsWith(const internal::string& suffix) {
        -: 3669:  return MakePolymorphicMatcher(internal::EndsWithMatcher<internal::string>(
        -: 3670:      suffix));
        -: 3671:}
        -: 3672:
        -: 3673:// Matches a string that fully matches regular expression 'regex'.
        -: 3674:// The matcher takes ownership of 'regex'.
        -: 3675:inline PolymorphicMatcher<internal::MatchesRegexMatcher> MatchesRegex(
        -: 3676:    const internal::RE* regex) {
        -: 3677:  return MakePolymorphicMatcher(internal::MatchesRegexMatcher(regex, true));
        -: 3678:}
        -: 3679:inline PolymorphicMatcher<internal::MatchesRegexMatcher> MatchesRegex(
        -: 3680:    const internal::string& regex) {
        -: 3681:  return MatchesRegex(new internal::RE(regex));
        -: 3682:}
        -: 3683:
        -: 3684:// Matches a string that contains regular expression 'regex'.
        -: 3685:// The matcher takes ownership of 'regex'.
        -: 3686:inline PolymorphicMatcher<internal::MatchesRegexMatcher> ContainsRegex(
        -: 3687:    const internal::RE* regex) {
        -: 3688:  return MakePolymorphicMatcher(internal::MatchesRegexMatcher(regex, false));
        -: 3689:}
        -: 3690:inline PolymorphicMatcher<internal::MatchesRegexMatcher> ContainsRegex(
        -: 3691:    const internal::string& regex) {
        -: 3692:  return ContainsRegex(new internal::RE(regex));
        -: 3693:}
        -: 3694:
        -: 3695:#if GTEST_HAS_GLOBAL_WSTRING || GTEST_HAS_STD_WSTRING
        -: 3696:// Wide string matchers.
        -: 3697:
        -: 3698:// Matches a string equal to str.
        -: 3699:inline PolymorphicMatcher<internal::StrEqualityMatcher<internal::wstring> >
        -: 3700:    StrEq(const internal::wstring& str) {
        -: 3701:  return MakePolymorphicMatcher(internal::StrEqualityMatcher<internal::wstring>(
        -: 3702:      str, true, true));
        -: 3703:}
        -: 3704:
        -: 3705:// Matches a string not equal to str.
        -: 3706:inline PolymorphicMatcher<internal::StrEqualityMatcher<internal::wstring> >
        -: 3707:    StrNe(const internal::wstring& str) {
        -: 3708:  return MakePolymorphicMatcher(internal::StrEqualityMatcher<internal::wstring>(
        -: 3709:      str, false, true));
        -: 3710:}
        -: 3711:
        -: 3712:// Matches a string equal to str, ignoring case.
        -: 3713:inline PolymorphicMatcher<internal::StrEqualityMatcher<internal::wstring> >
        -: 3714:    StrCaseEq(const internal::wstring& str) {
        -: 3715:  return MakePolymorphicMatcher(internal::StrEqualityMatcher<internal::wstring>(
        -: 3716:      str, true, false));
        -: 3717:}
        -: 3718:
        -: 3719:// Matches a string not equal to str, ignoring case.
        -: 3720:inline PolymorphicMatcher<internal::StrEqualityMatcher<internal::wstring> >
        -: 3721:    StrCaseNe(const internal::wstring& str) {
        -: 3722:  return MakePolymorphicMatcher(internal::StrEqualityMatcher<internal::wstring>(
        -: 3723:      str, false, false));
        -: 3724:}
        -: 3725:
        -: 3726:// Creates a matcher that matches any wstring, std::wstring, or C wide string
        -: 3727:// that contains the given substring.
        -: 3728:inline PolymorphicMatcher<internal::HasSubstrMatcher<internal::wstring> >
        -: 3729:    HasSubstr(const internal::wstring& substring) {
        -: 3730:  return MakePolymorphicMatcher(internal::HasSubstrMatcher<internal::wstring>(
        -: 3731:      substring));
        -: 3732:}
        -: 3733:
        -: 3734:// Matches a string that starts with 'prefix' (case-sensitive).
        -: 3735:inline PolymorphicMatcher<internal::StartsWithMatcher<internal::wstring> >
        -: 3736:    StartsWith(const internal::wstring& prefix) {
        -: 3737:  return MakePolymorphicMatcher(internal::StartsWithMatcher<internal::wstring>(
        -: 3738:      prefix));
        -: 3739:}
        -: 3740:
        -: 3741:// Matches a string that ends with 'suffix' (case-sensitive).
        -: 3742:inline PolymorphicMatcher<internal::EndsWithMatcher<internal::wstring> >
        -: 3743:    EndsWith(const internal::wstring& suffix) {
        -: 3744:  return MakePolymorphicMatcher(internal::EndsWithMatcher<internal::wstring>(
        -: 3745:      suffix));
        -: 3746:}
        -: 3747:
        -: 3748:#endif  // GTEST_HAS_GLOBAL_WSTRING || GTEST_HAS_STD_WSTRING
        -: 3749:
        -: 3750:// Creates a polymorphic matcher that matches a 2-tuple where the
        -: 3751:// first field == the second field.
        -: 3752:inline internal::Eq2Matcher Eq() { return internal::Eq2Matcher(); }
        -: 3753:
        -: 3754:// Creates a polymorphic matcher that matches a 2-tuple where the
        -: 3755:// first field >= the second field.
        -: 3756:inline internal::Ge2Matcher Ge() { return internal::Ge2Matcher(); }
        -: 3757:
        -: 3758:// Creates a polymorphic matcher that matches a 2-tuple where the
        -: 3759:// first field > the second field.
        -: 3760:inline internal::Gt2Matcher Gt() { return internal::Gt2Matcher(); }
        -: 3761:
        -: 3762:// Creates a polymorphic matcher that matches a 2-tuple where the
        -: 3763:// first field <= the second field.
        -: 3764:inline internal::Le2Matcher Le() { return internal::Le2Matcher(); }
        -: 3765:
        -: 3766:// Creates a polymorphic matcher that matches a 2-tuple where the
        -: 3767:// first field < the second field.
        -: 3768:inline internal::Lt2Matcher Lt() { return internal::Lt2Matcher(); }
        -: 3769:
        -: 3770:// Creates a polymorphic matcher that matches a 2-tuple where the
        -: 3771:// first field != the second field.
        -: 3772:inline internal::Ne2Matcher Ne() { return internal::Ne2Matcher(); }
        -: 3773:
        -: 3774:// Creates a matcher that matches any value of type T that m doesn't
        -: 3775:// match.
        -: 3776:template <typename InnerMatcher>
        -: 3777:inline internal::NotMatcher<InnerMatcher> Not(InnerMatcher m) {
        -: 3778:  return internal::NotMatcher<InnerMatcher>(m);
        -: 3779:}
        -: 3780:
        -: 3781:// Returns a matcher that matches anything that satisfies the given
        -: 3782:// predicate.  The predicate can be any unary function or functor
        -: 3783:// whose return type can be implicitly converted to bool.
        -: 3784:template <typename Predicate>
        -: 3785:inline PolymorphicMatcher<internal::TrulyMatcher<Predicate> >
        -: 3786:Truly(Predicate pred) {
        -: 3787:  return MakePolymorphicMatcher(internal::TrulyMatcher<Predicate>(pred));
        -: 3788:}
        -: 3789:
        -: 3790:// Returns a matcher that matches the container size. The container must
        -: 3791:// support both size() and size_type which all STL-like containers provide.
        -: 3792:// Note that the parameter 'size' can be a value of type size_type as well as
        -: 3793:// matcher. For instance:
        -: 3794://   EXPECT_THAT(container, SizeIs(2));     // Checks container has 2 elements.
        -: 3795://   EXPECT_THAT(container, SizeIs(Le(2));  // Checks container has at most 2.
        -: 3796:template <typename SizeMatcher>
        -: 3797:inline internal::SizeIsMatcher<SizeMatcher>
        -: 3798:SizeIs(const SizeMatcher& size_matcher) {
        -: 3799:  return internal::SizeIsMatcher<SizeMatcher>(size_matcher);
        -: 3800:}
        -: 3801:
        -: 3802:// Returns a matcher that matches an equal container.
        -: 3803:// This matcher behaves like Eq(), but in the event of mismatch lists the
        -: 3804:// values that are included in one container but not the other. (Duplicate
        -: 3805:// values and order differences are not explained.)
        -: 3806:template <typename Container>
        -: 3807:inline PolymorphicMatcher<internal::ContainerEqMatcher<  // NOLINT
        -: 3808:                            GTEST_REMOVE_CONST_(Container)> >
        -: 3809:    ContainerEq(const Container& rhs) {
        -: 3810:  // This following line is for working around a bug in MSVC 8.0,
        -: 3811:  // which causes Container to be a const type sometimes.
        -: 3812:  typedef GTEST_REMOVE_CONST_(Container) RawContainer;
        -: 3813:  return MakePolymorphicMatcher(
        -: 3814:      internal::ContainerEqMatcher<RawContainer>(rhs));
        -: 3815:}
        -: 3816:
        -: 3817:// Returns a matcher that matches a container that, when sorted using
        -: 3818:// the given comparator, matches container_matcher.
        -: 3819:template <typename Comparator, typename ContainerMatcher>
        -: 3820:inline internal::WhenSortedByMatcher<Comparator, ContainerMatcher>
        -: 3821:WhenSortedBy(const Comparator& comparator,
        -: 3822:             const ContainerMatcher& container_matcher) {
        -: 3823:  return internal::WhenSortedByMatcher<Comparator, ContainerMatcher>(
        -: 3824:      comparator, container_matcher);
        -: 3825:}
        -: 3826:
        -: 3827:// Returns a matcher that matches a container that, when sorted using
        -: 3828:// the < operator, matches container_matcher.
        -: 3829:template <typename ContainerMatcher>
        -: 3830:inline internal::WhenSortedByMatcher<internal::LessComparator, ContainerMatcher>
        -: 3831:WhenSorted(const ContainerMatcher& container_matcher) {
        -: 3832:  return
        -: 3833:      internal::WhenSortedByMatcher<internal::LessComparator, ContainerMatcher>(
        -: 3834:          internal::LessComparator(), container_matcher);
        -: 3835:}
        -: 3836:
        -: 3837:// Matches an STL-style container or a native array that contains the
        -: 3838:// same number of elements as in rhs, where its i-th element and rhs's
        -: 3839:// i-th element (as a pair) satisfy the given pair matcher, for all i.
        -: 3840:// TupleMatcher must be able to be safely cast to Matcher<tuple<const
        -: 3841:// T1&, const T2&> >, where T1 and T2 are the types of elements in the
        -: 3842:// LHS container and the RHS container respectively.
        -: 3843:template <typename TupleMatcher, typename Container>
        -: 3844:inline internal::PointwiseMatcher<TupleMatcher,
        -: 3845:                                  GTEST_REMOVE_CONST_(Container)>
        -: 3846:Pointwise(const TupleMatcher& tuple_matcher, const Container& rhs) {
        -: 3847:  // This following line is for working around a bug in MSVC 8.0,
        -: 3848:  // which causes Container to be a const type sometimes.
        -: 3849:  typedef GTEST_REMOVE_CONST_(Container) RawContainer;
        -: 3850:  return internal::PointwiseMatcher<TupleMatcher, RawContainer>(
        -: 3851:      tuple_matcher, rhs);
        -: 3852:}
        -: 3853:
        -: 3854:// Matches an STL-style container or a native array that contains at
        -: 3855:// least one element matching the given value or matcher.
        -: 3856://
        -: 3857:// Examples:
        -: 3858://   ::std::set<int> page_ids;
        -: 3859://   page_ids.insert(3);
        -: 3860://   page_ids.insert(1);
        -: 3861://   EXPECT_THAT(page_ids, Contains(1));
        -: 3862://   EXPECT_THAT(page_ids, Contains(Gt(2)));
        -: 3863://   EXPECT_THAT(page_ids, Not(Contains(4)));
        -: 3864://
        -: 3865://   ::std::map<int, size_t> page_lengths;
        -: 3866://   page_lengths[1] = 100;
        -: 3867://   EXPECT_THAT(page_lengths,
        -: 3868://               Contains(::std::pair<const int, size_t>(1, 100)));
        -: 3869://
        -: 3870://   const char* user_ids[] = { "joe", "mike", "tom" };
        -: 3871://   EXPECT_THAT(user_ids, Contains(Eq(::std::string("tom"))));
        -: 3872:template <typename M>
        -: 3873:inline internal::ContainsMatcher<M> Contains(M matcher) {
        -: 3874:  return internal::ContainsMatcher<M>(matcher);
        -: 3875:}
        -: 3876:
        -: 3877:// Matches an STL-style container or a native array that contains only
        -: 3878:// elements matching the given value or matcher.
        -: 3879://
        -: 3880:// Each(m) is semantically equivalent to Not(Contains(Not(m))). Only
        -: 3881:// the messages are different.
        -: 3882://
        -: 3883:// Examples:
        -: 3884://   ::std::set<int> page_ids;
        -: 3885://   // Each(m) matches an empty container, regardless of what m is.
        -: 3886://   EXPECT_THAT(page_ids, Each(Eq(1)));
        -: 3887://   EXPECT_THAT(page_ids, Each(Eq(77)));
        -: 3888://
        -: 3889://   page_ids.insert(3);
        -: 3890://   EXPECT_THAT(page_ids, Each(Gt(0)));
        -: 3891://   EXPECT_THAT(page_ids, Not(Each(Gt(4))));
        -: 3892://   page_ids.insert(1);
        -: 3893://   EXPECT_THAT(page_ids, Not(Each(Lt(2))));
        -: 3894://
        -: 3895://   ::std::map<int, size_t> page_lengths;
        -: 3896://   page_lengths[1] = 100;
        -: 3897://   page_lengths[2] = 200;
        -: 3898://   page_lengths[3] = 300;
        -: 3899://   EXPECT_THAT(page_lengths, Not(Each(Pair(1, 100))));
        -: 3900://   EXPECT_THAT(page_lengths, Each(Key(Le(3))));
        -: 3901://
        -: 3902://   const char* user_ids[] = { "joe", "mike", "tom" };
        -: 3903://   EXPECT_THAT(user_ids, Not(Each(Eq(::std::string("tom")))));
        -: 3904:template <typename M>
        -: 3905:inline internal::EachMatcher<M> Each(M matcher) {
        -: 3906:  return internal::EachMatcher<M>(matcher);
        -: 3907:}
        -: 3908:
        -: 3909:// Key(inner_matcher) matches an std::pair whose 'first' field matches
        -: 3910:// inner_matcher.  For example, Contains(Key(Ge(5))) can be used to match an
        -: 3911:// std::map that contains at least one element whose key is >= 5.
        -: 3912:template <typename M>
        -: 3913:inline internal::KeyMatcher<M> Key(M inner_matcher) {
        -: 3914:  return internal::KeyMatcher<M>(inner_matcher);
        -: 3915:}
        -: 3916:
        -: 3917:// Pair(first_matcher, second_matcher) matches a std::pair whose 'first' field
        -: 3918:// matches first_matcher and whose 'second' field matches second_matcher.  For
        -: 3919:// example, EXPECT_THAT(map_type, ElementsAre(Pair(Ge(5), "foo"))) can be used
        -: 3920:// to match a std::map<int, string> that contains exactly one element whose key
        -: 3921:// is >= 5 and whose value equals "foo".
        -: 3922:template <typename FirstMatcher, typename SecondMatcher>
        -: 3923:inline internal::PairMatcher<FirstMatcher, SecondMatcher>
        -: 3924:Pair(FirstMatcher first_matcher, SecondMatcher second_matcher) {
        -: 3925:  return internal::PairMatcher<FirstMatcher, SecondMatcher>(
        -: 3926:      first_matcher, second_matcher);
        -: 3927:}
        -: 3928:
        -: 3929:// Returns a predicate that is satisfied by anything that matches the
        -: 3930:// given matcher.
        -: 3931:template <typename M>
        -: 3932:inline internal::MatcherAsPredicate<M> Matches(M matcher) {
        -: 3933:  return internal::MatcherAsPredicate<M>(matcher);
        -: 3934:}
        -: 3935:
        -: 3936:// Returns true iff the value matches the matcher.
        -: 3937:template <typename T, typename M>
        -: 3938:inline bool Value(const T& value, M matcher) {
        -: 3939:  return testing::Matches(matcher)(value);
        -: 3940:}
        -: 3941:
        -: 3942:// Matches the value against the given matcher and explains the match
        -: 3943:// result to listener.
        -: 3944:template <typename T, typename M>
        -: 3945:inline bool ExplainMatchResult(
        -: 3946:    M matcher, const T& value, MatchResultListener* listener) {
        -: 3947:  return SafeMatcherCast<const T&>(matcher).MatchAndExplain(value, listener);
        -: 3948:}
        -: 3949:
        -: 3950:#if GTEST_LANG_CXX11
        -: 3951:// Define variadic matcher versions. They are overloaded in
        -: 3952:// gmock-generated-matchers.h for the cases supported by pre C++11 compilers.
        -: 3953:template <typename... Args>
        -: 3954:inline internal::AllOfMatcher<Args...> AllOf(const Args&... matchers) {
        -: 3955:  return internal::AllOfMatcher<Args...>(matchers...);
        -: 3956:}
        -: 3957:
        -: 3958:template <typename... Args>
        -: 3959:inline internal::AnyOfMatcher<Args...> AnyOf(const Args&... matchers) {
        -: 3960:  return internal::AnyOfMatcher<Args...>(matchers...);
        -: 3961:}
        -: 3962:
        -: 3963:#endif  // GTEST_LANG_CXX11
        -: 3964:
        -: 3965:// AllArgs(m) is a synonym of m.  This is useful in
        -: 3966://
        -: 3967://   EXPECT_CALL(foo, Bar(_, _)).With(AllArgs(Eq()));
        -: 3968://
        -: 3969:// which is easier to read than
        -: 3970://
        -: 3971://   EXPECT_CALL(foo, Bar(_, _)).With(Eq());
        -: 3972:template <typename InnerMatcher>
        -: 3973:inline InnerMatcher AllArgs(const InnerMatcher& matcher) { return matcher; }
        -: 3974:
        -: 3975:// These macros allow using matchers to check values in Google Test
        -: 3976:// tests.  ASSERT_THAT(value, matcher) and EXPECT_THAT(value, matcher)
        -: 3977:// succeed iff the value matches the matcher.  If the assertion fails,
        -: 3978:// the value and the description of the matcher will be printed.
        -: 3979:#define ASSERT_THAT(value, matcher) ASSERT_PRED_FORMAT1(\
        -: 3980:    ::testing::internal::MakePredicateFormatterFromMatcher(matcher), value)
        -: 3981:#define EXPECT_THAT(value, matcher) EXPECT_PRED_FORMAT1(\
        -: 3982:    ::testing::internal::MakePredicateFormatterFromMatcher(matcher), value)
        -: 3983:
        -: 3984:}  // namespace testing
        -: 3985:
        -: 3986:#endif  // GMOCK_INCLUDE_GMOCK_GMOCK_MATCHERS_H_
