        -:    0:Source:D:/UnitTestDemo/UnitTestDemo.c
        -:    0:Graph:UnitTestDemo.gcno
        -:    0:Data:UnitTestDemo.gcda
        -:    0:Runs:15
        -:    0:Programs:1
        -:    1:#include "UnitTestDemo.h"
        -:    2:#include "ExtModule.h"
    #####:    3:void UnitDemo_function_v(void)
        -:    4:{
    #####:    5:   printf("I am in Function UnitDemo_function_v\n");
    #####:    6:   ExtModule_function_v();
    #####:    7:}
        2:    8:void UnitDemo_function2_v(u8 l_u8value)
        -:    9:{
        2:   10:   printf("I am in Function UnitDemo_function2_v\n");
        2:   11:   ExtModule_function2_v(l_u8value);
        2:   12:}
        4:   13:u8 UnitDemo_function3_u8(u16 l_u16value,u32 l_u32Value)
        -:   14:{
        4:   15:   printf("I am in Function UnitDemo_function3_u8\n");
        4:   16:   return ExtModule_function3_u8(l_u16value,l_u32Value);
        -:   17:}
        8:   18:Boolean UnitDemo_function4_b(u16 *l_pu16Value,u32 l_u32Value,u32 * l_pu32Value)
        -:   19:{
        8:   20:   printf("I am in Function UnitDemo_function4_b\n");
        8:   21:   if(ExtModule_function4_b(l_pu16Value,l_u32Value,l_pu32Value) == TRUE)
        -:   22:   {
    #####:   23:         UnitDemo_function_v();
    #####:   24:         return TRUE;
        -:   25:   }
        -:   26:   else
        -:   27:   {
        8:   28:     return FALSE;
        -:   29:   }
        -:   30:}
